c:\users\kelly\documents\universidad\ciclo v\matematica computacional\proyecto tp -mc\tp_grupo06\debug\vc142.pdb
c:\users\kelly\documents\universidad\ciclo v\matematica computacional\proyecto tp -mc\tp_grupo06\debug\.netframework,version=v4.5.assemblyattributes.obj
c:\users\kelly\documents\universidad\ciclo v\matematica computacional\proyecto tp -mc\tp_grupo06\debug\pantalla01.obj
c:\users\kelly\documents\universidad\ciclo v\matematica computacional\proyecto tp -mc\tp_grupo06\debug\inicio.obj
c:\users\kelly\documents\universidad\ciclo v\matematica computacional\proyecto tp -mc\tp_grupo06\debug\cgraficoenem.obj
c:\users\kelly\documents\universidad\ciclo v\matematica computacional\proyecto tp -mc\tp_grupo06\debug\cgraficos.obj
c:\users\kelly\documents\universidad\ciclo v\matematica computacional\proyecto tp -mc\tp_grupo06\debug\tp_grupo06.exe
c:\users\kelly\documents\universidad\ciclo v\matematica computacional\proyecto tp -mc\tp_grupo06\debug\tp_grupo06.pdb
c:\users\kelly\documents\universidad\ciclo v\matematica computacional\proyecto tp -mc\tp_grupo06\debug\tpgrupo06.inicio.resources
c:\users\kelly\documents\universidad\ciclo v\matematica computacional\proyecto tp -mc\tp_grupo06\debug\tpgrupo06.pantalla01.resources
c:\users\kelly\documents\universidad\ciclo v\matematica computacional\proyecto tp -mc\tp_grupo06\debug\tpgrupo06.cgraficoenem.resources
c:\users\kelly\documents\universidad\ciclo v\matematica computacional\proyecto tp -mc\tp_grupo06\debug\tp_grupo06.exe.metagen
c:\users\kelly\documents\universidad\ciclo v\matematica computacional\proyecto tp -mc\tp_grupo06\debug\tp_grupo06.tlog\cl.command.1.tlog
c:\users\kelly\documents\universidad\ciclo v\matematica computacional\proyecto tp -mc\tp_grupo06\debug\tp_grupo06.tlog\cl.read.1.tlog
c:\users\kelly\documents\universidad\ciclo v\matematica computacional\proyecto tp -mc\tp_grupo06\debug\tp_grupo06.tlog\cl.write.1.tlog
c:\users\kelly\documents\universidad\ciclo v\matematica computacional\proyecto tp -mc\tp_grupo06\debug\tp_grupo06.tlog\link.command.1.tlog
c:\users\kelly\documents\universidad\ciclo v\matematica computacional\proyecto tp -mc\tp_grupo06\debug\tp_grupo06.tlog\link.read.1.tlog
c:\users\kelly\documents\universidad\ciclo v\matematica computacional\proyecto tp -mc\tp_grupo06\debug\tp_grupo06.tlog\link.write.1.tlog
c:\users\kelly\documents\universidad\ciclo v\matematica computacional\proyecto tp -mc\tp_grupo06\debug\tp_grupo06.tlog\metagen.read.1.tlog
c:\users\kelly\documents\universidad\ciclo v\matematica computacional\proyecto tp -mc\tp_grupo06\debug\tp_grupo06.tlog\metagen.write.1.tlog
c:\users\kelly\documents\universidad\ciclo v\matematica computacional\proyecto tp -mc\tp_grupo06\debug\tp_grupo06.tlog\tp_grupo06.write.1u.tlog
